<?xml version="1.0" encoding="UTF-8"?>
<!-- Generated by org.testng.reporters.JUnitReportReporter -->
<testsuite hostname="Amals-MBP.home" name="com.my.mecury.selenium.MercuryLoginTest" tests="1" failures="0" timestamp="12 Sep 2017 22:43:21 GMT" time="4.534" errors="0">
  <testcase name="testLogin" time="4.534" classname="com.my.mecury.selenium.MercuryLoginTest"/>
</testsuite>
